20211102 11:30:46.592 [main] INFO  [SpringbootLogApplication:55] - Starting SpringbootLogApplication using Java 1.8.0_301 on flab1ui-MacBookPro.local with PID 56100 (/Users/flab1/Documents/hyunjong/study/spring_boot/Finut 개발일지/log/springboot_log/build/classes/java/main started by flab1 in /Users/flab1/Documents/hyunjong/study/spring_boot/Finut 개발일지/log/springboot_log) 
20211102 11:30:46.594 [main] INFO  [SpringbootLogApplication:663] - The following profiles are active: dev 
20211102 11:30:47.305 [main] INFO  [RepositoryConfigurationDelegate:132] - Bootstrapping Spring Data JPA repositories in DEFAULT mode. 
20211102 11:30:47.321 [main] INFO  [RepositoryConfigurationDelegate:201] - Finished Spring Data repository scanning in 9 ms. Found 0 JPA repository interfaces. 
20211102 11:30:47.771 [main] INFO  [TomcatWebServer:108] - Tomcat initialized with port(s): 8080 (http) 
20211102 11:30:47.777 [main] INFO  [Http11NioProtocol:173] - Initializing ProtocolHandler ["http-nio-8080"] 
20211102 11:30:47.778 [main] INFO  [StandardService:173] - Starting service [Tomcat] 
20211102 11:30:47.778 [main] INFO  [StandardEngine:173] - Starting Servlet engine: [Apache Tomcat/9.0.53] 
20211102 11:30:47.846 [main] INFO  [[/]:173] - Initializing Spring embedded WebApplicationContext 
20211102 11:30:47.846 [main] INFO  [ServletWebServerApplicationContext:290] - Root WebApplicationContext: initialization completed in 1215 ms 
20211102 11:30:48.001 [main] INFO  [LogHelper:31] - HHH000204: Processing PersistenceUnitInfo [name: default] 
20211102 11:30:48.028 [main] INFO  [Version:44] - HHH000412: Hibernate ORM core version 5.4.32.Final 
20211102 11:30:48.098 [main] INFO  [Version:56] - HCANN000001: Hibernate Commons Annotations {5.1.2.Final} 
20211102 11:30:48.250 [main] INFO  [HikariDataSource:110] - HikariPool-1 - Starting... 
20211102 11:30:49.326 [main] INFO  [Dialect:175] - HHH000400: Using dialect: org.hibernate.dialect.MySQL5InnoDBDialect 
20211102 11:30:49.422 [main] INFO  [JtaPlatformInitiator:52] - HHH000490: Using JtaPlatform implementation: [org.hibernate.engine.transaction.jta.platform.internal.NoJtaPlatform] 
20211102 11:30:49.427 [main] INFO  [LocalContainerEntityManagerFactoryBean:437] - Initialized JPA EntityManagerFactory for persistence unit 'default' 
20211102 11:30:49.857 [main] INFO  [Http11NioProtocol:173] - Starting ProtocolHandler ["http-nio-8080"] 
20211102 11:30:49.880 [main] INFO  [TomcatWebServer:220] - Tomcat started on port(s): 8080 (http) with context path '' 
20211102 11:30:49.898 [main] INFO  [SpringbootLogApplication:61] - Started SpringbootLogApplication in 3.876 seconds (JVM running for 4.685) 
20211102 11:31:04.256 [http-nio-8080-exec-2] INFO  [[/]:173] - Initializing Spring DispatcherServlet 'dispatcherServlet' 
20211102 11:31:04.259 [http-nio-8080-exec-2] INFO  [DispatcherServlet:525] - Initializing Servlet 'dispatcherServlet' 
20211102 11:31:04.264 [http-nio-8080-exec-2] INFO  [DispatcherServlet:547] - Completed initialization in 4 ms 
20211102 11:31:04.301 [http-nio-8080-exec-2] INFO  [LogController:16] - 로그 발생 
20211102 12:08:59.321 [SpringApplicationShutdownHook] INFO  [LocalContainerEntityManagerFactoryBean:651] - Closing JPA EntityManagerFactory for persistence unit 'default' 
20211102 12:09:05.239 [main] INFO  [SpringbootLogApplication:55] - Starting SpringbootLogApplication using Java 1.8.0_301 on flab1ui-MacBookPro.local with PID 56340 (/Users/flab1/Documents/hyunjong/study/spring_boot/Finut 개발일지/log/springboot_log/build/classes/java/main started by flab1 in /Users/flab1/Documents/hyunjong/study/spring_boot/Finut 개발일지/log/springboot_log) 
20211102 12:09:05.243 [main] INFO  [SpringbootLogApplication:663] - The following profiles are active: dev 
20211102 12:09:06.251 [main] INFO  [RepositoryConfigurationDelegate:132] - Bootstrapping Spring Data JPA repositories in DEFAULT mode. 
20211102 12:09:06.274 [main] INFO  [RepositoryConfigurationDelegate:201] - Finished Spring Data repository scanning in 13 ms. Found 0 JPA repository interfaces. 
20211102 12:09:06.829 [main] INFO  [TomcatWebServer:108] - Tomcat initialized with port(s): 8080 (http) 
20211102 12:09:06.834 [main] INFO  [Http11NioProtocol:173] - Initializing ProtocolHandler ["http-nio-8080"] 
20211102 12:09:06.835 [main] INFO  [StandardService:173] - Starting service [Tomcat] 
20211102 12:09:06.835 [main] INFO  [StandardEngine:173] - Starting Servlet engine: [Apache Tomcat/9.0.53] 
20211102 12:09:06.892 [main] INFO  [[/]:173] - Initializing Spring embedded WebApplicationContext 
20211102 12:09:06.892 [main] INFO  [ServletWebServerApplicationContext:290] - Root WebApplicationContext: initialization completed in 1448 ms 
20211102 12:09:07.047 [main] INFO  [LogHelper:31] - HHH000204: Processing PersistenceUnitInfo [name: default] 
20211102 12:09:07.081 [main] INFO  [Version:44] - HHH000412: Hibernate ORM core version 5.4.32.Final 
20211102 12:09:07.156 [main] INFO  [Version:56] - HCANN000001: Hibernate Commons Annotations {5.1.2.Final} 
20211102 12:09:07.303 [main] INFO  [HikariDataSource:110] - HikariPool-1 - Starting... 
20211102 12:09:08.374 [main] INFO  [Dialect:175] - HHH000400: Using dialect: org.hibernate.dialect.MySQL5InnoDBDialect 
20211102 12:09:08.473 [main] INFO  [JtaPlatformInitiator:52] - HHH000490: Using JtaPlatform implementation: [org.hibernate.engine.transaction.jta.platform.internal.NoJtaPlatform] 
20211102 12:09:08.478 [main] INFO  [LocalContainerEntityManagerFactoryBean:437] - Initialized JPA EntityManagerFactory for persistence unit 'default' 
20211102 12:09:09.082 [main] INFO  [Http11NioProtocol:173] - Starting ProtocolHandler ["http-nio-8080"] 
20211102 12:09:09.119 [main] INFO  [TomcatWebServer:220] - Tomcat started on port(s): 8080 (http) with context path '' 
20211102 12:09:09.141 [main] INFO  [SpringbootLogApplication:61] - Started SpringbootLogApplication in 5.023 seconds (JVM running for 5.764) 
20211102 12:09:39.168 [http-nio-8080-exec-2] INFO  [[/]:173] - Initializing Spring DispatcherServlet 'dispatcherServlet' 
20211102 12:09:39.170 [http-nio-8080-exec-2] INFO  [DispatcherServlet:525] - Initializing Servlet 'dispatcherServlet' 
20211102 12:09:39.172 [http-nio-8080-exec-2] INFO  [DispatcherServlet:547] - Completed initialization in 2 ms 
20211102 12:28:43.739 [SpringApplicationShutdownHook] INFO  [LocalContainerEntityManagerFactoryBean:651] - Closing JPA EntityManagerFactory for persistence unit 'default' 
20211102 12:28:48.433 [main] INFO  [SpringbootLogApplication:55] - Starting SpringbootLogApplication using Java 1.8.0_301 on flab1ui-MacBookPro.local with PID 56511 (/Users/flab1/Documents/hyunjong/study/spring_boot/Finut 개발일지/log/springboot_log/build/classes/java/main started by flab1 in /Users/flab1/Documents/hyunjong/study/spring_boot/Finut 개발일지/log/springboot_log) 
20211102 12:28:48.435 [main] INFO  [SpringbootLogApplication:663] - The following profiles are active: dev 
20211102 12:28:49.370 [main] INFO  [RepositoryConfigurationDelegate:132] - Bootstrapping Spring Data JPA repositories in DEFAULT mode. 
20211102 12:28:49.399 [main] INFO  [RepositoryConfigurationDelegate:201] - Finished Spring Data repository scanning in 19 ms. Found 0 JPA repository interfaces. 
20211102 12:28:50.076 [main] INFO  [TomcatWebServer:108] - Tomcat initialized with port(s): 8080 (http) 
20211102 12:28:50.083 [main] INFO  [Http11NioProtocol:173] - Initializing ProtocolHandler ["http-nio-8080"] 
20211102 12:28:50.084 [main] INFO  [StandardService:173] - Starting service [Tomcat] 
20211102 12:28:50.084 [main] INFO  [StandardEngine:173] - Starting Servlet engine: [Apache Tomcat/9.0.53] 
20211102 12:28:50.146 [main] INFO  [[/]:173] - Initializing Spring embedded WebApplicationContext 
20211102 12:28:50.147 [main] INFO  [ServletWebServerApplicationContext:290] - Root WebApplicationContext: initialization completed in 1667 ms 
20211102 12:28:50.340 [main] INFO  [LogHelper:31] - HHH000204: Processing PersistenceUnitInfo [name: default] 
20211102 12:28:50.386 [main] INFO  [Version:44] - HHH000412: Hibernate ORM core version 5.4.32.Final 
20211102 12:28:50.471 [main] INFO  [Version:56] - HCANN000001: Hibernate Commons Annotations {5.1.2.Final} 
20211102 12:28:50.648 [main] INFO  [HikariDataSource:110] - HikariPool-1 - Starting... 
20211102 12:28:51.732 [main] INFO  [Dialect:175] - HHH000400: Using dialect: org.hibernate.dialect.MySQL5InnoDBDialect 
20211102 12:28:51.828 [main] INFO  [JtaPlatformInitiator:52] - HHH000490: Using JtaPlatform implementation: [org.hibernate.engine.transaction.jta.platform.internal.NoJtaPlatform] 
20211102 12:28:51.840 [main] INFO  [LocalContainerEntityManagerFactoryBean:437] - Initialized JPA EntityManagerFactory for persistence unit 'default' 
20211102 12:28:52.292 [main] INFO  [Http11NioProtocol:173] - Starting ProtocolHandler ["http-nio-8080"] 
20211102 12:28:52.313 [main] INFO  [TomcatWebServer:220] - Tomcat started on port(s): 8080 (http) with context path '' 
20211102 12:28:52.334 [main] INFO  [SpringbootLogApplication:61] - Started SpringbootLogApplication in 4.557 seconds (JVM running for 5.219) 
20211102 12:28:54.799 [http-nio-8080-exec-2] INFO  [[/]:173] - Initializing Spring DispatcherServlet 'dispatcherServlet' 
20211102 12:28:54.801 [http-nio-8080-exec-2] INFO  [DispatcherServlet:525] - Initializing Servlet 'dispatcherServlet' 
20211102 12:28:54.805 [http-nio-8080-exec-2] INFO  [DispatcherServlet:547] - Completed initialization in 4 ms 
20211102 13:38:50.934 [SpringApplicationShutdownHook] INFO  [LocalContainerEntityManagerFactoryBean:651] - Closing JPA EntityManagerFactory for persistence unit 'default' 
20211102 14:08:02.840 [main] INFO  [SpringbootLogApplication:55] - Starting SpringbootLogApplication using Java 1.8.0_301 on flab1ui-MacBookPro.local with PID 57332 (/Users/flab1/Documents/hyunjong/study/spring_boot/Finut 개발일지/log/springboot_log/build/classes/java/main started by flab1 in /Users/flab1/Documents/hyunjong/study/spring_boot/Finut 개발일지/log/springboot_log) 
20211102 14:08:02.843 [main] INFO  [SpringbootLogApplication:663] - The following profiles are active: dev 
20211102 14:08:03.583 [main] INFO  [RepositoryConfigurationDelegate:132] - Bootstrapping Spring Data JPA repositories in DEFAULT mode. 
20211102 14:08:03.599 [main] INFO  [RepositoryConfigurationDelegate:201] - Finished Spring Data repository scanning in 9 ms. Found 0 JPA repository interfaces. 
20211102 14:08:04.100 [main] INFO  [TomcatWebServer:108] - Tomcat initialized with port(s): 8080 (http) 
20211102 14:08:04.109 [main] INFO  [Http11NioProtocol:173] - Initializing ProtocolHandler ["http-nio-8080"] 
20211102 14:08:04.110 [main] INFO  [StandardService:173] - Starting service [Tomcat] 
20211102 14:08:04.110 [main] INFO  [StandardEngine:173] - Starting Servlet engine: [Apache Tomcat/9.0.53] 
20211102 14:08:04.175 [main] INFO  [[/]:173] - Initializing Spring embedded WebApplicationContext 
20211102 14:08:04.176 [main] INFO  [ServletWebServerApplicationContext:290] - Root WebApplicationContext: initialization completed in 1287 ms 
20211102 14:08:04.328 [main] INFO  [LogHelper:31] - HHH000204: Processing PersistenceUnitInfo [name: default] 
20211102 14:08:04.367 [main] INFO  [Version:44] - HHH000412: Hibernate ORM core version 5.4.32.Final 
20211102 14:08:04.451 [main] INFO  [Version:56] - HCANN000001: Hibernate Commons Annotations {5.1.2.Final} 
20211102 14:08:04.593 [main] INFO  [HikariDataSource:110] - HikariPool-1 - Starting... 
20211102 14:08:05.674 [main] INFO  [Dialect:175] - HHH000400: Using dialect: org.hibernate.dialect.MySQL5InnoDBDialect 
20211102 14:08:05.771 [main] INFO  [JtaPlatformInitiator:52] - HHH000490: Using JtaPlatform implementation: [org.hibernate.engine.transaction.jta.platform.internal.NoJtaPlatform] 
20211102 14:08:05.777 [main] INFO  [LocalContainerEntityManagerFactoryBean:437] - Initialized JPA EntityManagerFactory for persistence unit 'default' 
20211102 14:08:06.221 [main] INFO  [Http11NioProtocol:173] - Starting ProtocolHandler ["http-nio-8080"] 
20211102 14:08:06.243 [main] INFO  [TomcatWebServer:220] - Tomcat started on port(s): 8080 (http) with context path '' 
20211102 14:08:06.255 [main] INFO  [SpringbootLogApplication:61] - Started SpringbootLogApplication in 4.004 seconds (JVM running for 4.615) 
20211102 14:33:22.178 [http-nio-8080-exec-1] INFO  [[/]:173] - Initializing Spring DispatcherServlet 'dispatcherServlet' 
20211102 14:33:22.181 [http-nio-8080-exec-1] INFO  [DispatcherServlet:525] - Initializing Servlet 'dispatcherServlet' 
20211102 14:33:22.188 [http-nio-8080-exec-1] INFO  [DispatcherServlet:547] - Completed initialization in 7 ms 
20211102 14:33:22.224 [http-nio-8080-exec-1] INFO  [LogController:16] - 로그 발생 
20211102 15:09:42.476 [SpringApplicationShutdownHook] INFO  [LocalContainerEntityManagerFactoryBean:651] - Closing JPA EntityManagerFactory for persistence unit 'default' 
20211102 15:09:46.028 [main] INFO  [SpringbootLogApplication:55] - Starting SpringbootLogApplication using Java 1.8.0_301 on flab1ui-MacBookPro.local with PID 58584 (/Users/flab1/Documents/hyunjong/study/spring_boot/Finut 개발일지/log/springboot_log/build/classes/java/main started by flab1 in /Users/flab1/Documents/hyunjong/study/spring_boot/Finut 개발일지/log/springboot_log) 
20211102 15:09:46.031 [main] INFO  [SpringbootLogApplication:663] - The following profiles are active: dev 
20211102 15:09:46.810 [main] INFO  [RepositoryConfigurationDelegate:132] - Bootstrapping Spring Data JPA repositories in DEFAULT mode. 
20211102 15:09:46.826 [main] INFO  [RepositoryConfigurationDelegate:201] - Finished Spring Data repository scanning in 9 ms. Found 0 JPA repository interfaces. 
20211102 15:09:47.284 [main] INFO  [TomcatWebServer:108] - Tomcat initialized with port(s): 8080 (http) 
20211102 15:09:47.292 [main] INFO  [Http11NioProtocol:173] - Initializing ProtocolHandler ["http-nio-8080"] 
20211102 15:09:47.293 [main] INFO  [StandardService:173] - Starting service [Tomcat] 
20211102 15:09:47.293 [main] INFO  [StandardEngine:173] - Starting Servlet engine: [Apache Tomcat/9.0.53] 
20211102 15:09:47.367 [main] INFO  [[/]:173] - Initializing Spring embedded WebApplicationContext 
20211102 15:09:47.367 [main] INFO  [ServletWebServerApplicationContext:290] - Root WebApplicationContext: initialization completed in 1254 ms 
20211102 15:09:47.508 [main] INFO  [LogHelper:31] - HHH000204: Processing PersistenceUnitInfo [name: default] 
20211102 15:09:47.533 [main] INFO  [Version:44] - HHH000412: Hibernate ORM core version 5.4.32.Final 
20211102 15:09:47.597 [main] INFO  [Version:56] - HCANN000001: Hibernate Commons Annotations {5.1.2.Final} 
20211102 15:09:47.733 [main] INFO  [HikariDataSource:110] - HikariPool-1 - Starting... 
20211102 15:09:48.809 [main] INFO  [Dialect:175] - HHH000400: Using dialect: org.hibernate.dialect.MySQL5InnoDBDialect 
20211102 15:09:48.904 [main] INFO  [JtaPlatformInitiator:52] - HHH000490: Using JtaPlatform implementation: [org.hibernate.engine.transaction.jta.platform.internal.NoJtaPlatform] 
20211102 15:09:48.910 [main] INFO  [LocalContainerEntityManagerFactoryBean:437] - Initialized JPA EntityManagerFactory for persistence unit 'default' 
20211102 15:09:49.353 [main] INFO  [Http11NioProtocol:173] - Starting ProtocolHandler ["http-nio-8080"] 
20211102 15:09:49.379 [main] INFO  [TomcatWebServer:220] - Tomcat started on port(s): 8080 (http) with context path '' 
20211102 15:09:49.395 [main] INFO  [SpringbootLogApplication:61] - Started SpringbootLogApplication in 3.898 seconds (JVM running for 4.471) 
20211102 15:36:52.477 [SpringApplicationShutdownHook] INFO  [LocalContainerEntityManagerFactoryBean:651] - Closing JPA EntityManagerFactory for persistence unit 'default' 
